I-JJR
B-DT
I-FW
B-NNS
I-UH
B-NNP
I-NN
I-EX
B-LS
I-PDT
B-POS
I-VBG
B-JJR
B-VB
B-CC
B-JJS
I-RBS
I-NNS
B-NN
I-NNPS
B-WDT
I-VB
B-S
I-VBN
B-UH
B-PRP
B-SYM
I-POS
B-VBZ
I-SYM
B-RB
I-RB
B-RBR
I-CC
B-PDT
B-WRB
I-JJ
I-VBP
I-WP
I-RP
B-CD
B-NNPS
B-RP
B-VBG
B-EX
B-WP
I-RBR
B-VBN
O
I-MD
B-VBD
I-VBD
I-JJS
I-WRB
I-CD
I-NNP
I-VBZ
I-PRP
I-WDT
B-RBS
I-IN
I-DT
B-JJ
B-FW
B-VBP
B-MD
I-TO
B-TO
B-IN
I-NNS
I-JJR
B-VBD
I-RP
I-WRB
B-VBN
I-PRP
B-EX
B-CC
I-NNPS
B-FW
B-IN
I-TO
B-LS
B-RBR
I-MD
I-WDT
I-POS
I-VBN
I-CC
B-JJ
I-UH
B-NNP
B-RB
B-RBS
B-VBG
B-WRB
I-IN
I-VB
B-VB
B-NN
B-POS
I-RB
I-CD
I-VBD
I-RBR
I-NNP
B-WDT
I-PDT
I-FW
I-EX
B-TO
B-UH
B-DT
I-WP
B-NNS
B-MD
B-NNPS
B-CD
I-DT
I-RBS
I-VBG
B-S
B-WP
I-SYM
B-VBP
B-PRP
O
B-JJS
B-VBZ
I-NN
B-JJR
I-JJ
B-PDT
I-VBZ
I-JJS
B-SYM
I-VBP
B-RP
B-WRB
B-PRP
I-JJR
B-JJR
B-TO
B-S
I-RBS
B-SYM
I-RB
I-VBG
B-NNP
I-WP
I-TO
B-VBD
B-RP
B-NN
I-FW
I-NNS
I-VBP
I-POS
I-VBZ
B-VBP
B-RB
I-JJS
B-CD
B-JJS
I-NN
I-CC
B-WP
I-CD
I-WDT
I-EX
I-WRB
B-FW
B-POS
B-PDT
B-VBZ
B-VBG
B-MD
I-VB
I-MD
I-NNPS
B-RBR
I-SYM
B-NNS
I-NNP
I-VBN
B-DT
I-RP
B-VB
B-CC
I-RBR
I-DT
I-IN
I-PRP
I-UH
B-LS
B-IN
B-RBS
B-EX
B-VBN
I-VBD
B-WDT
B-UH
B-NNPS
O
I-JJ
B-JJ
I-PDT
